[
{
  "thread" : "main",
  "level" : "INFO",
  "loggerName" : "RollingFileJSONLogger",
  "message" : "Program started successfully.",
  "endOfBatch" : false,
  "loggerFqcn" : "org.apache.logging.log4j.spi.AbstractLogger",
  "instant" : {
    "epochSecond" : 1544175162,
    "nanoOfSecond" : 933000000
  },
  "threadId" : 1,
  "threadPriority" : 5
}
, {
  "thread" : "AWT-EventQueue-0",
  "level" : "INFO",
  "loggerName" : "RollingFileJSONLogger",
  "message" : "Open ReadMe",
  "endOfBatch" : false,
  "loggerFqcn" : "org.apache.logging.log4j.spi.AbstractLogger",
  "instant" : {
    "epochSecond" : 1544175165,
    "nanoOfSecond" : 444000000
  },
  "threadId" : 15,
  "threadPriority" : 6
}
, {
  "thread" : "AWT-EventQueue-0",
  "level" : "ERROR",
  "loggerName" : "RollingFileJSONLogger",
  "message" : "java.io.IOException: Failed to open file:/D:/Quentin/Schule/BA%20Leipzig/5.Semester/SP/QuixSync/bin/HelpMe.pdf. Error message: Das System kann die angegebene Datei nicht finden.\r\n",
  "endOfBatch" : false,
  "loggerFqcn" : "org.apache.logging.log4j.spi.AbstractLogger",
  "instant" : {
    "epochSecond" : 1544175165,
    "nanoOfSecond" : 458000000
  },
  "threadId" : 15,
  "threadPriority" : 6
}

]
